<?xml version="1.0" encoding="UTF-8"?>
<!-- Generated by org.testng.reporters.JUnitXMLReporter -->
<testsuite ignored="0" hostname="Aspire-F5-573G" failures="0" tests="5" name="Surefire test" time="0.225" errors="0" timestamp="14 сент. 2018 15:07:19 GMT">
  <testcase classname="stage.nur.base.BaseTest" name="@BeforeMethod methodSetUp" time="0.0">
    <failure type="org.testng.TestNGException" message="
Parameter &amp;apos;browser&amp;apos; is required by BeforeMethod on method methodSetUp but has not been marked @Optional or defined
">
      <![CDATA[org.testng.TestNGException: 
Parameter 'browser' is required by BeforeMethod on method methodSetUp but has not been marked @Optional or defined

... Removed 30 stack frames]]>
    </failure>
  </testcase> <!-- @BeforeMethod methodSetUp -->
  <testcase classname="stage.nur.base.BaseTest" name="@AfterMethod methodTearDown" time="0.003">
    <failure type="java.lang.NullPointerException">
      <![CDATA[java.lang.NullPointerException
at stage.nur.base.BaseTest.methodTearDown(BaseTest.java:32)
... Removed 33 stack frames]]>
    </failure>
  </testcase> <!-- @AfterMethod methodTearDown -->
  <testcase classname="stage.nur.base.BaseTest" name="@BeforeMethod methodSetUp" time="0.0">
    <failure type="org.testng.TestNGException" message="
Parameter &amp;apos;browser&amp;apos; is required by BeforeMethod on method methodSetUp but has not been marked @Optional or defined
">
      <![CDATA[org.testng.TestNGException: 
Parameter 'browser' is required by BeforeMethod on method methodSetUp but has not been marked @Optional or defined

... Removed 30 stack frames]]>
    </failure>
  </testcase> <!-- @BeforeMethod methodSetUp -->
  <testcase classname="stage.nur.base.BaseTest" name="@AfterMethod methodTearDown" time="0.001">
    <failure type="java.lang.NullPointerException">
      <![CDATA[java.lang.NullPointerException
at stage.nur.base.BaseTest.methodTearDown(BaseTest.java:32)
... Removed 33 stack frames]]>
    </failure>
  </testcase> <!-- @AfterMethod methodTearDown -->
  <testcase classname="stage.nur.base.BaseTest" name="@BeforeMethod methodSetUp" time="0.0">
    <failure type="org.testng.TestNGException" message="
Parameter &amp;apos;browser&amp;apos; is required by BeforeMethod on method methodSetUp but has not been marked @Optional or defined
">
      <![CDATA[org.testng.TestNGException: 
Parameter 'browser' is required by BeforeMethod on method methodSetUp but has not been marked @Optional or defined

... Removed 30 stack frames]]>
    </failure>
  </testcase> <!-- @BeforeMethod methodSetUp -->
  <testcase classname="stage.nur.base.BaseTest" name="@AfterMethod methodTearDown" time="0.0">
    <failure type="java.lang.NullPointerException">
      <![CDATA[java.lang.NullPointerException
at stage.nur.base.BaseTest.methodTearDown(BaseTest.java:32)
... Removed 33 stack frames]]>
    </failure>
  </testcase> <!-- @AfterMethod methodTearDown -->
  <testcase classname="stage.nur.base.BaseTest" name="@BeforeMethod methodSetUp" time="0.0">
    <failure type="org.testng.TestNGException" message="
Parameter &amp;apos;browser&amp;apos; is required by BeforeMethod on method methodSetUp but has not been marked @Optional or defined
">
      <![CDATA[org.testng.TestNGException: 
Parameter 'browser' is required by BeforeMethod on method methodSetUp but has not been marked @Optional or defined

... Removed 30 stack frames]]>
    </failure>
  </testcase> <!-- @BeforeMethod methodSetUp -->
  <testcase classname="stage.nur.base.BaseTest" name="@AfterMethod methodTearDown" time="0.001">
    <failure type="java.lang.NullPointerException">
      <![CDATA[java.lang.NullPointerException
at stage.nur.base.BaseTest.methodTearDown(BaseTest.java:32)
... Removed 33 stack frames]]>
    </failure>
  </testcase> <!-- @AfterMethod methodTearDown -->
  <testcase classname="stage.nur.base.BaseTest" name="@BeforeMethod methodSetUp" time="0.0">
    <failure type="org.testng.TestNGException" message="
Parameter &amp;apos;browser&amp;apos; is required by BeforeMethod on method methodSetUp but has not been marked @Optional or defined
">
      <![CDATA[org.testng.TestNGException: 
Parameter 'browser' is required by BeforeMethod on method methodSetUp but has not been marked @Optional or defined

... Removed 30 stack frames]]>
    </failure>
  </testcase> <!-- @BeforeMethod methodSetUp -->
  <testcase classname="stage.nur.base.BaseTest" name="@AfterMethod methodTearDown" time="0.0">
    <failure type="java.lang.NullPointerException">
      <![CDATA[java.lang.NullPointerException
at stage.nur.base.BaseTest.methodTearDown(BaseTest.java:32)
... Removed 33 stack frames]]>
    </failure>
  </testcase> <!-- @AfterMethod methodTearDown -->
  <testcase classname="stage.nur.SecondTest" name="secondTestMethod" time="0.0">
    <skipped/>
  </testcase> <!-- secondTestMethod -->
  <testcase classname="stage.nur.FirstTest" name="firstTestMethod" time="0.0">
    <skipped/>
  </testcase> <!-- firstTestMethod -->
  <testcase classname="stage.nur.LogInTest" name="positiveTest" time="0.0">
    <skipped/>
  </testcase> <!-- positiveTest -->
  <testcase classname="stage.nur.LogInTest" name="negativeTest" time="0.0">
    <skipped/>
  </testcase> <!-- negativeTest -->
  <testcase classname="stage.nur.LogInTest" name="negativeTest" time="0.0">
    <skipped/>
  </testcase> <!-- negativeTest -->
</testsuite> <!-- Surefire test -->
